2025-02-27 10:54:49,630 [Worker-6: Loading available Gradle versions] INFO  o.e.b.c.i.u.g.PublishedGradleVersions - Gradle version information cache is not available. Remote download required.
2025-02-27 10:55:30,298 [ModalContext] INFO  o.e.m.c.i.e.AbstractTransferListenerAdapter - Downloading https://repo.maven.apache.org/maven2/org/apache/maven/archetypes/maven-archetype-webapp/1.0/maven-archetype-webapp-1.0.pom
2025-02-27 10:55:30,330 [ModalContext] INFO  o.e.m.c.i.e.AbstractTransferListenerAdapter - Downloaded https://repo.maven.apache.org/maven2/org/apache/maven/archetypes/maven-archetype-webapp/1.0/maven-archetype-webapp-1.0.pom
2025-02-27 10:55:30,395 [ModalContext] INFO  o.e.m.c.i.e.AbstractTransferListenerAdapter - Downloading https://repo.maven.apache.org/maven2/org/apache/maven/archetypes/maven-archetype-bundles/2/maven-archetype-bundles-2.pom
2025-02-27 10:55:30,405 [ModalContext] INFO  o.e.m.c.i.e.AbstractTransferListenerAdapter - Downloaded https://repo.maven.apache.org/maven2/org/apache/maven/archetypes/maven-archetype-bundles/2/maven-archetype-bundles-2.pom
2025-02-27 10:55:30,464 [ModalContext] INFO  o.e.m.c.i.e.AbstractTransferListenerAdapter - Downloading https://repo.maven.apache.org/maven2/org/apache/maven/archetype/maven-archetype-parent/1/maven-archetype-parent-1.pom
2025-02-27 10:55:30,471 [ModalContext] INFO  o.e.m.c.i.e.AbstractTransferListenerAdapter - Downloaded https://repo.maven.apache.org/maven2/org/apache/maven/archetype/maven-archetype-parent/1/maven-archetype-parent-1.pom
2025-02-27 10:55:30,503 [ModalContext] INFO  o.e.m.c.i.e.AbstractTransferListenerAdapter - Downloading https://repo.maven.apache.org/maven2/org/apache/maven/maven-parent/4/maven-parent-4.pom
2025-02-27 10:55:30,514 [ModalContext] INFO  o.e.m.c.i.e.AbstractTransferListenerAdapter - Downloaded https://repo.maven.apache.org/maven2/org/apache/maven/maven-parent/4/maven-parent-4.pom
2025-02-27 10:55:30,557 [ModalContext] INFO  o.e.m.c.i.e.AbstractTransferListenerAdapter - Downloading https://repo.maven.apache.org/maven2/org/apache/apache/3/apache-3.pom
2025-02-27 10:55:30,568 [ModalContext] INFO  o.e.m.c.i.e.AbstractTransferListenerAdapter - Downloaded https://repo.maven.apache.org/maven2/org/apache/apache/3/apache-3.pom
2025-02-27 10:56:16,524 [Worker-4: Launching mavenrun-fab007ca-fbca-4c3c-be22-c02353b9a182] INFO  o.eclipse.m2e.core.internal.Bundles - getClasspathEntries(Bundle=org.eclipse.m2e.maven.runtime_3.9.900.20240824-1409 [638])
2025-02-27 10:56:16,528 [Worker-4: Launching mavenrun-fab007ca-fbca-4c3c-be22-c02353b9a182] INFO  o.eclipse.m2e.core.internal.Bundles - 	Entry: C:\Users\zerho\.p2\pool\plugins\org.eclipse.m2e.maven.runtime_3.9.900.20240824-1409
2025-02-27 10:56:16,529 [Worker-4: Launching mavenrun-fab007ca-fbca-4c3c-be22-c02353b9a182] INFO  o.eclipse.m2e.core.internal.Bundles - 	Entry: C:\Users\zerho\.p2\pool\plugins\org.eclipse.m2e.maven.runtime_3.9.900.20240824-1409\jars\aopalliance-1.0.jar
2025-02-27 10:56:16,529 [Worker-4: Launching mavenrun-fab007ca-fbca-4c3c-be22-c02353b9a182] INFO  o.eclipse.m2e.core.internal.Bundles - 	Entry: C:\Users\zerho\.p2\pool\plugins\org.eclipse.m2e.maven.runtime_3.9.900.20240824-1409\jars\guice-5.1.0.jar
2025-02-27 10:56:16,529 [Worker-4: Launching mavenrun-fab007ca-fbca-4c3c-be22-c02353b9a182] INFO  o.eclipse.m2e.core.internal.Bundles - 	Entry: C:\Users\zerho\.p2\pool\plugins\org.eclipse.m2e.maven.runtime_3.9.900.20240824-1409\jars\httpclient-4.5.14.jar
2025-02-27 10:56:16,529 [Worker-4: Launching mavenrun-fab007ca-fbca-4c3c-be22-c02353b9a182] INFO  o.eclipse.m2e.core.internal.Bundles - 	Entry: C:\Users\zerho\.p2\pool\plugins\org.eclipse.m2e.maven.runtime_3.9.900.20240824-1409\jars\httpcore-4.4.16.jar
2025-02-27 10:56:16,529 [Worker-4: Launching mavenrun-fab007ca-fbca-4c3c-be22-c02353b9a182] INFO  o.eclipse.m2e.core.internal.Bundles - 	Entry: C:\Users\zerho\.p2\pool\plugins\org.eclipse.m2e.maven.runtime_3.9.900.20240824-1409\jars\jansi-2.4.1.jar
2025-02-27 10:56:16,529 [Worker-4: Launching mavenrun-fab007ca-fbca-4c3c-be22-c02353b9a182] INFO  o.eclipse.m2e.core.internal.Bundles - 	Entry: C:\Users\zerho\.p2\pool\plugins\org.eclipse.m2e.maven.runtime_3.9.900.20240824-1409\jars\jcl-over-slf4j-1.7.36.jar
2025-02-27 10:56:16,530 [Worker-4: Launching mavenrun-fab007ca-fbca-4c3c-be22-c02353b9a182] INFO  o.eclipse.m2e.core.internal.Bundles - 	Entry: C:\Users\zerho\.p2\pool\plugins\org.eclipse.m2e.maven.runtime_3.9.900.20240824-1409\jars\maven-artifact-3.9.9.jar
2025-02-27 10:56:16,530 [Worker-4: Launching mavenrun-fab007ca-fbca-4c3c-be22-c02353b9a182] INFO  o.eclipse.m2e.core.internal.Bundles - 	Entry: C:\Users\zerho\.p2\pool\plugins\org.eclipse.m2e.maven.runtime_3.9.900.20240824-1409\jars\maven-builder-support-3.9.9.jar
2025-02-27 10:56:16,530 [Worker-4: Launching mavenrun-fab007ca-fbca-4c3c-be22-c02353b9a182] INFO  o.eclipse.m2e.core.internal.Bundles - 	Entry: C:\Users\zerho\.p2\pool\plugins\org.eclipse.m2e.maven.runtime_3.9.900.20240824-1409\jars\maven-compat-3.9.9.jar
2025-02-27 10:56:16,530 [Worker-4: Launching mavenrun-fab007ca-fbca-4c3c-be22-c02353b9a182] INFO  o.eclipse.m2e.core.internal.Bundles - 	Entry: C:\Users\zerho\.p2\pool\plugins\org.eclipse.m2e.maven.runtime_3.9.900.20240824-1409\jars\maven-core-3.9.9.jar
2025-02-27 10:56:16,530 [Worker-4: Launching mavenrun-fab007ca-fbca-4c3c-be22-c02353b9a182] INFO  o.eclipse.m2e.core.internal.Bundles - 	Entry: C:\Users\zerho\.p2\pool\plugins\org.eclipse.m2e.maven.runtime_3.9.900.20240824-1409\jars\maven-embedder-3.9.9.jar
2025-02-27 10:56:16,531 [Worker-4: Launching mavenrun-fab007ca-fbca-4c3c-be22-c02353b9a182] INFO  o.eclipse.m2e.core.internal.Bundles - 	Entry: C:\Users\zerho\.p2\pool\plugins\org.eclipse.m2e.maven.runtime_3.9.900.20240824-1409\jars\maven-model-3.9.9.jar
2025-02-27 10:56:16,531 [Worker-4: Launching mavenrun-fab007ca-fbca-4c3c-be22-c02353b9a182] INFO  o.eclipse.m2e.core.internal.Bundles - 	Entry: C:\Users\zerho\.p2\pool\plugins\org.eclipse.m2e.maven.runtime_3.9.900.20240824-1409\jars\maven-model-builder-3.9.9.jar
2025-02-27 10:56:16,531 [Worker-4: Launching mavenrun-fab007ca-fbca-4c3c-be22-c02353b9a182] INFO  o.eclipse.m2e.core.internal.Bundles - 	Entry: C:\Users\zerho\.p2\pool\plugins\org.eclipse.m2e.maven.runtime_3.9.900.20240824-1409\jars\maven-plugin-api-3.9.9.jar
2025-02-27 10:56:16,531 [Worker-4: Launching mavenrun-fab007ca-fbca-4c3c-be22-c02353b9a182] INFO  o.eclipse.m2e.core.internal.Bundles - 	Entry: C:\Users\zerho\.p2\pool\plugins\org.eclipse.m2e.maven.runtime_3.9.900.20240824-1409\jars\maven-repository-metadata-3.9.9.jar
2025-02-27 10:56:16,531 [Worker-4: Launching mavenrun-fab007ca-fbca-4c3c-be22-c02353b9a182] INFO  o.eclipse.m2e.core.internal.Bundles - 	Entry: C:\Users\zerho\.p2\pool\plugins\org.eclipse.m2e.maven.runtime_3.9.900.20240824-1409\jars\maven-resolver-api-1.9.22.jar
2025-02-27 10:56:16,531 [Worker-4: Launching mavenrun-fab007ca-fbca-4c3c-be22-c02353b9a182] INFO  o.eclipse.m2e.core.internal.Bundles - 	Entry: C:\Users\zerho\.p2\pool\plugins\org.eclipse.m2e.maven.runtime_3.9.900.20240824-1409\jars\maven-resolver-connector-basic-1.9.22.jar
2025-02-27 10:56:16,532 [Worker-4: Launching mavenrun-fab007ca-fbca-4c3c-be22-c02353b9a182] INFO  o.eclipse.m2e.core.internal.Bundles - 	Entry: C:\Users\zerho\.p2\pool\plugins\org.eclipse.m2e.maven.runtime_3.9.900.20240824-1409\jars\maven-resolver-impl-1.9.22.jar
2025-02-27 10:56:16,532 [Worker-4: Launching mavenrun-fab007ca-fbca-4c3c-be22-c02353b9a182] INFO  o.eclipse.m2e.core.internal.Bundles - 	Entry: C:\Users\zerho\.p2\pool\plugins\org.eclipse.m2e.maven.runtime_3.9.900.20240824-1409\jars\maven-resolver-named-locks-1.9.22.jar
2025-02-27 10:56:16,532 [Worker-4: Launching mavenrun-fab007ca-fbca-4c3c-be22-c02353b9a182] INFO  o.eclipse.m2e.core.internal.Bundles - 	Entry: C:\Users\zerho\.p2\pool\plugins\org.eclipse.m2e.maven.runtime_3.9.900.20240824-1409\jars\maven-resolver-provider-3.9.9.jar
2025-02-27 10:56:16,533 [Worker-4: Launching mavenrun-fab007ca-fbca-4c3c-be22-c02353b9a182] INFO  o.eclipse.m2e.core.internal.Bundles - 	Entry: C:\Users\zerho\.p2\pool\plugins\org.eclipse.m2e.maven.runtime_3.9.900.20240824-1409\jars\maven-resolver-spi-1.9.22.jar
2025-02-27 10:56:16,533 [Worker-4: Launching mavenrun-fab007ca-fbca-4c3c-be22-c02353b9a182] INFO  o.eclipse.m2e.core.internal.Bundles - 	Entry: C:\Users\zerho\.p2\pool\plugins\org.eclipse.m2e.maven.runtime_3.9.900.20240824-1409\jars\maven-resolver-transport-file-1.9.22.jar
2025-02-27 10:56:16,534 [Worker-4: Launching mavenrun-fab007ca-fbca-4c3c-be22-c02353b9a182] INFO  o.eclipse.m2e.core.internal.Bundles - 	Entry: C:\Users\zerho\.p2\pool\plugins\org.eclipse.m2e.maven.runtime_3.9.900.20240824-1409\jars\maven-resolver-transport-http-1.9.22.jar
2025-02-27 10:56:16,534 [Worker-4: Launching mavenrun-fab007ca-fbca-4c3c-be22-c02353b9a182] INFO  o.eclipse.m2e.core.internal.Bundles - 	Entry: C:\Users\zerho\.p2\pool\plugins\org.eclipse.m2e.maven.runtime_3.9.900.20240824-1409\jars\maven-resolver-transport-wagon-1.9.22.jar
2025-02-27 10:56:16,535 [Worker-4: Launching mavenrun-fab007ca-fbca-4c3c-be22-c02353b9a182] INFO  o.eclipse.m2e.core.internal.Bundles - 	Entry: C:\Users\zerho\.p2\pool\plugins\org.eclipse.m2e.maven.runtime_3.9.900.20240824-1409\jars\maven-resolver-util-1.9.22.jar
2025-02-27 10:56:16,536 [Worker-4: Launching mavenrun-fab007ca-fbca-4c3c-be22-c02353b9a182] INFO  o.eclipse.m2e.core.internal.Bundles - 	Entry: C:\Users\zerho\.p2\pool\plugins\org.eclipse.m2e.maven.runtime_3.9.900.20240824-1409\jars\maven-settings-3.9.9.jar
2025-02-27 10:56:16,537 [Worker-4: Launching mavenrun-fab007ca-fbca-4c3c-be22-c02353b9a182] INFO  o.eclipse.m2e.core.internal.Bundles - 	Entry: C:\Users\zerho\.p2\pool\plugins\org.eclipse.m2e.maven.runtime_3.9.900.20240824-1409\jars\maven-settings-builder-3.9.9.jar
2025-02-27 10:56:16,538 [Worker-4: Launching mavenrun-fab007ca-fbca-4c3c-be22-c02353b9a182] INFO  o.eclipse.m2e.core.internal.Bundles - 	Entry: C:\Users\zerho\.p2\pool\plugins\org.eclipse.m2e.maven.runtime_3.9.900.20240824-1409\jars\maven-shared-utils-3.4.2.jar
2025-02-27 10:56:16,538 [Worker-4: Launching mavenrun-fab007ca-fbca-4c3c-be22-c02353b9a182] INFO  o.eclipse.m2e.core.internal.Bundles - 	Entry: C:\Users\zerho\.p2\pool\plugins\org.eclipse.m2e.maven.runtime_3.9.900.20240824-1409\jars\org.eclipse.sisu.inject-0.9.0.M3.jar
2025-02-27 10:56:16,538 [Worker-4: Launching mavenrun-fab007ca-fbca-4c3c-be22-c02353b9a182] INFO  o.eclipse.m2e.core.internal.Bundles - 	Entry: C:\Users\zerho\.p2\pool\plugins\org.eclipse.m2e.maven.runtime_3.9.900.20240824-1409\jars\org.eclipse.sisu.plexus-0.9.0.M3.jar
2025-02-27 10:56:16,539 [Worker-4: Launching mavenrun-fab007ca-fbca-4c3c-be22-c02353b9a182] INFO  o.eclipse.m2e.core.internal.Bundles - 	Entry: C:\Users\zerho\.p2\pool\plugins\org.eclipse.m2e.maven.runtime_3.9.900.20240824-1409\jars\plexus-build-api-0.0.7.jar
2025-02-27 10:56:16,539 [Worker-4: Launching mavenrun-fab007ca-fbca-4c3c-be22-c02353b9a182] INFO  o.eclipse.m2e.core.internal.Bundles - 	Entry: C:\Users\zerho\.p2\pool\plugins\org.eclipse.m2e.maven.runtime_3.9.900.20240824-1409\jars\plexus-build-api-1.2.0.jar
2025-02-27 10:56:16,540 [Worker-4: Launching mavenrun-fab007ca-fbca-4c3c-be22-c02353b9a182] INFO  o.eclipse.m2e.core.internal.Bundles - 	Entry: C:\Users\zerho\.p2\pool\plugins\org.eclipse.m2e.maven.runtime_3.9.900.20240824-1409\jars\plexus-cipher-2.0.jar
2025-02-27 10:56:16,540 [Worker-4: Launching mavenrun-fab007ca-fbca-4c3c-be22-c02353b9a182] INFO  o.eclipse.m2e.core.internal.Bundles - 	Entry: C:\Users\zerho\.p2\pool\plugins\org.eclipse.m2e.maven.runtime_3.9.900.20240824-1409\jars\plexus-classworlds-2.8.0.jar
2025-02-27 10:56:16,540 [Worker-4: Launching mavenrun-fab007ca-fbca-4c3c-be22-c02353b9a182] INFO  o.eclipse.m2e.core.internal.Bundles - 	Entry: C:\Users\zerho\.p2\pool\plugins\org.eclipse.m2e.maven.runtime_3.9.900.20240824-1409\jars\plexus-component-annotations-2.1.0.jar
2025-02-27 10:56:16,541 [Worker-4: Launching mavenrun-fab007ca-fbca-4c3c-be22-c02353b9a182] INFO  o.eclipse.m2e.core.internal.Bundles - 	Entry: C:\Users\zerho\.p2\pool\plugins\org.eclipse.m2e.maven.runtime_3.9.900.20240824-1409\jars\plexus-interpolation-1.27.jar
2025-02-27 10:56:16,541 [Worker-4: Launching mavenrun-fab007ca-fbca-4c3c-be22-c02353b9a182] INFO  o.eclipse.m2e.core.internal.Bundles - 	Entry: C:\Users\zerho\.p2\pool\plugins\org.eclipse.m2e.maven.runtime_3.9.900.20240824-1409\jars\plexus-sec-dispatcher-2.0.jar
2025-02-27 10:56:16,541 [Worker-4: Launching mavenrun-fab007ca-fbca-4c3c-be22-c02353b9a182] INFO  o.eclipse.m2e.core.internal.Bundles - 	Entry: C:\Users\zerho\.p2\pool\plugins\org.eclipse.m2e.maven.runtime_3.9.900.20240824-1409\jars\plexus-utils-3.5.1.jar
2025-02-27 10:56:16,542 [Worker-4: Launching mavenrun-fab007ca-fbca-4c3c-be22-c02353b9a182] INFO  o.eclipse.m2e.core.internal.Bundles - 	Entry: C:\Users\zerho\.p2\pool\plugins\org.eclipse.m2e.maven.runtime_3.9.900.20240824-1409\jars\plexus-xml-3.0.1.jar
2025-02-27 10:56:16,542 [Worker-4: Launching mavenrun-fab007ca-fbca-4c3c-be22-c02353b9a182] INFO  o.eclipse.m2e.core.internal.Bundles - 	Entry: C:\Users\zerho\.p2\pool\plugins\org.eclipse.m2e.maven.runtime_3.9.900.20240824-1409\jars\wagon-file-3.5.3.jar
2025-02-27 10:56:16,542 [Worker-4: Launching mavenrun-fab007ca-fbca-4c3c-be22-c02353b9a182] INFO  o.eclipse.m2e.core.internal.Bundles - 	Entry: C:\Users\zerho\.p2\pool\plugins\org.eclipse.m2e.maven.runtime_3.9.900.20240824-1409\jars\wagon-http-3.5.3.jar
2025-02-27 10:56:16,543 [Worker-4: Launching mavenrun-fab007ca-fbca-4c3c-be22-c02353b9a182] INFO  o.eclipse.m2e.core.internal.Bundles - 	Entry: C:\Users\zerho\.p2\pool\plugins\org.eclipse.m2e.maven.runtime_3.9.900.20240824-1409\jars\wagon-http-shared-3.5.3.jar
2025-02-27 10:56:16,543 [Worker-4: Launching mavenrun-fab007ca-fbca-4c3c-be22-c02353b9a182] INFO  o.eclipse.m2e.core.internal.Bundles - 	Entry: C:\Users\zerho\.p2\pool\plugins\org.eclipse.m2e.maven.runtime_3.9.900.20240824-1409\jars\wagon-provider-api-3.5.3.jar
2025-02-27 10:56:16,547 [Worker-4: Launching mavenrun-fab007ca-fbca-4c3c-be22-c02353b9a182] INFO  o.eclipse.m2e.core.internal.Bundles - getClasspathEntries(Bundle=com.google.guava_33.3.1.jre [16])
2025-02-27 10:56:16,550 [Worker-4: Launching mavenrun-fab007ca-fbca-4c3c-be22-c02353b9a182] INFO  o.eclipse.m2e.core.internal.Bundles - 	Entry: C:\Users\zerho\.p2\pool\plugins\com.google.guava_33.3.1.jre.jar
2025-02-27 10:56:16,550 [Worker-4: Launching mavenrun-fab007ca-fbca-4c3c-be22-c02353b9a182] INFO  o.eclipse.m2e.core.internal.Bundles - getClasspathEntries(Bundle=slf4j.api_2.0.16 [1005])
2025-02-27 10:56:16,551 [Worker-4: Launching mavenrun-fab007ca-fbca-4c3c-be22-c02353b9a182] INFO  o.eclipse.m2e.core.internal.Bundles - 	Entry: C:\Users\zerho\.p2\pool\plugins\slf4j.api_2.0.16.jar
2025-02-27 10:56:16,551 [Worker-4: Launching mavenrun-fab007ca-fbca-4c3c-be22-c02353b9a182] INFO  o.eclipse.m2e.core.internal.Bundles - getClasspathEntries(Bundle=jakarta.inject.jakarta.inject-api_1.0.5 [34])
2025-02-27 10:56:16,551 [Worker-4: Launching mavenrun-fab007ca-fbca-4c3c-be22-c02353b9a182] INFO  o.eclipse.m2e.core.internal.Bundles - 	Entry: C:\Users\zerho\.p2\pool\plugins\jakarta.inject.jakarta.inject-api_1.0.5.jar
2025-02-27 10:56:16,551 [Worker-4: Launching mavenrun-fab007ca-fbca-4c3c-be22-c02353b9a182] INFO  o.eclipse.m2e.core.internal.Bundles - getClasspathEntries(Bundle=jakarta.annotation-api_1.3.5 [29])
2025-02-27 10:56:16,552 [Worker-4: Launching mavenrun-fab007ca-fbca-4c3c-be22-c02353b9a182] INFO  o.eclipse.m2e.core.internal.Bundles - 	Entry: C:\Users\zerho\.p2\pool\plugins\jakarta.annotation-api_1.3.5.jar
2025-02-27 10:56:16,552 [Worker-4: Launching mavenrun-fab007ca-fbca-4c3c-be22-c02353b9a182] INFO  o.eclipse.m2e.core.internal.Bundles - getClasspathEntries(Bundle=org.apache.commons.cli_1.9.0 [75])
2025-02-27 10:56:16,553 [Worker-4: Launching mavenrun-fab007ca-fbca-4c3c-be22-c02353b9a182] INFO  o.eclipse.m2e.core.internal.Bundles - 	Entry: C:\Users\zerho\.p2\pool\plugins\org.apache.commons.cli_1.9.0.jar
2025-02-27 10:56:16,553 [Worker-4: Launching mavenrun-fab007ca-fbca-4c3c-be22-c02353b9a182] INFO  o.eclipse.m2e.core.internal.Bundles - getClasspathEntries(Bundle=org.apache.commons.commons-codec_1.16.0 [78])
2025-02-27 10:56:16,554 [Worker-4: Launching mavenrun-fab007ca-fbca-4c3c-be22-c02353b9a182] INFO  o.eclipse.m2e.core.internal.Bundles - 	Entry: C:\Users\zerho\.p2\pool\plugins\org.apache.commons.commons-codec_1.16.0.jar
2025-02-27 10:56:16,554 [Worker-4: Launching mavenrun-fab007ca-fbca-4c3c-be22-c02353b9a182] INFO  o.eclipse.m2e.core.internal.Bundles - getClasspathEntries(Bundle=com.google.guava.failureaccess_1.0.2 [17])
2025-02-27 10:56:16,555 [Worker-4: Launching mavenrun-fab007ca-fbca-4c3c-be22-c02353b9a182] INFO  o.eclipse.m2e.core.internal.Bundles - 	Entry: C:\Users\zerho\.p2\pool\plugins\com.google.guava.failureaccess_1.0.2.jar
2025-02-27 10:56:16,564 [Worker-4: Launching mavenrun-fab007ca-fbca-4c3c-be22-c02353b9a182] INFO  o.e.m.i.launch.MavenLaunchDelegate - Run build in "C:\Users\zerho\AppData\Local\Temp\m2e-archetypeGenerator9063087254527805692":
2025-02-27 10:56:16,575 [Worker-4: Launching mavenrun-fab007ca-fbca-4c3c-be22-c02353b9a182] INFO  o.e.m.i.launch.MavenLaunchDelegate -  mvn  -DarchetypeGroupId=org.apache.maven.archetypes -DarchetypeArtifactId=maven-archetype-webapp -DarchetypeVersion=1.0 -DgroupId=com -DartifactId=Hospital -Dversion=0.0.1-SNAPSHOT -Dpackage=com.Hospital -DoutputDirectory=C:\Users\zerho\Desktop\Registration-Login -Dstyle.color=always -U archetype:generate
2025-02-27 10:56:33,876 [Worker-30: Creating maven-archetype-webapp] INFO  o.e.m.c.i.p.ProjectConfigurationManager - Collecting project info '/pom.xml' C:\Users\zerho\Desktop\Registration-Login\Hospital\pom.xml
2025-02-27 10:56:34,892 [Worker-30: Creating maven-archetype-webapp] INFO  o.e.m.c.i.l.LifecycleMappingFactory - Using org.maven.ide.eclipse.wtp.WarLifecycleMapping lifecycle mapping for MavenProject: com:Hospital:0.0.1-SNAPSHOT @ C:\Users\zerho\Desktop\Registration-Login\Hospital\pom.xml.
2025-02-27 10:56:36,973 [Worker-30: Creating maven-archetype-webapp] INFO  o.e.m.j.i.AbstractJavaProjectConfigurator - Adding source folder /Hospital/src/main/java
2025-02-27 10:56:36,976 [Worker-30: Creating maven-archetype-webapp] INFO  o.e.m.j.i.AbstractJavaProjectConfigurator - Adding resource folder /Hospital/src/main/resources
2025-02-27 10:56:36,978 [Worker-30: Creating maven-archetype-webapp] INFO  o.e.m.j.i.AbstractJavaProjectConfigurator - Adding source folder /Hospital/src/test/java
2025-02-27 10:56:36,981 [Worker-30: Creating maven-archetype-webapp] INFO  o.e.m.j.i.AbstractJavaProjectConfigurator - Adding resource folder /Hospital/src/test/resources
2025-02-27 10:56:39,759 [Worker-30: Creating maven-archetype-webapp] INFO  o.e.m.c.i.p.ProjectConfigurationManager - Imported and configured 1 project(s) in 5 sec
2025-02-27 10:56:41,089 [Worker-30: Building] WARN  o.a.m.s.f.DefaultMavenResourcesFiltering - Using platform encoding (UTF-8 actually) to copy filtered resources, i.e. build is platform dependent!
2025-02-27 10:56:41,153 [Worker-30: Building] INFO  o.a.m.s.f.DefaultMavenResourcesFiltering - Copying 0 resource from src\main\resources to target\classes
2025-02-27 10:56:41,164 [Worker-30: Building] WARN  o.a.m.s.f.DefaultMavenResourcesFiltering - Using platform encoding (UTF-8 actually) to copy filtered resources, i.e. build is platform dependent!
2025-02-27 10:56:41,166 [Worker-30: Building] INFO  o.a.m.s.f.DefaultMavenResourcesFiltering - skip non existing resourceDirectory C:\Users\zerho\Desktop\Registration-Login\Hospital\src\test\resources
2025-02-27 11:15:54,968 [Worker-19: Loading available Gradle versions] INFO  o.e.b.c.i.u.g.PublishedGradleVersions - Gradle version information cache is up-to-date. Trying to read.
2025-02-27 11:18:54,728 [Worker-7: Loading available Gradle versions] INFO  o.e.b.c.i.u.g.PublishedGradleVersions - Gradle version information cache is up-to-date. Trying to read.
2025-02-27 11:58:41,001 [Worker-42: Building] WARN  o.a.m.s.f.DefaultMavenResourcesFiltering - Using platform encoding (UTF-8 actually) to copy filtered resources, i.e. build is platform dependent!
2025-02-27 11:58:41,006 [Worker-42: Building] INFO  o.a.m.s.f.DefaultMavenResourcesFiltering - Copying 0 resource from src\main\resources to target\classes
2025-02-27 11:58:41,009 [Worker-42: Building] WARN  o.a.m.s.f.DefaultMavenResourcesFiltering - Using platform encoding (UTF-8 actually) to copy filtered resources, i.e. build is platform dependent!
2025-02-27 11:58:41,010 [Worker-42: Building] INFO  o.a.m.s.f.DefaultMavenResourcesFiltering - skip non existing resourceDirectory C:\Users\zerho\Desktop\Registration-Login\Hospital\src\test\resources
2025-02-27 11:59:15,373 [Worker-41: Building] WARN  o.a.m.s.f.DefaultMavenResourcesFiltering - Using platform encoding (UTF-8 actually) to copy filtered resources, i.e. build is platform dependent!
2025-02-27 11:59:15,375 [Worker-41: Building] INFO  o.a.m.s.f.DefaultMavenResourcesFiltering - Copying 0 resource from src\main\resources to target\classes
2025-02-27 11:59:15,378 [Worker-41: Building] WARN  o.a.m.s.f.DefaultMavenResourcesFiltering - Using platform encoding (UTF-8 actually) to copy filtered resources, i.e. build is platform dependent!
2025-02-27 11:59:15,379 [Worker-41: Building] INFO  o.a.m.s.f.DefaultMavenResourcesFiltering - skip non existing resourceDirectory C:\Users\zerho\Desktop\Registration-Login\Hospital\src\test\resources
2025-02-27 12:16:34,404 [Worker-47: Building] WARN  o.a.m.s.f.DefaultMavenResourcesFiltering - Using platform encoding (UTF-8 actually) to copy filtered resources, i.e. build is platform dependent!
2025-02-27 12:16:34,406 [Worker-47: Building] INFO  o.a.m.s.f.DefaultMavenResourcesFiltering - Copying 0 resource from src\main\resources to target\classes
2025-02-27 12:16:34,408 [Worker-47: Building] WARN  o.a.m.s.f.DefaultMavenResourcesFiltering - Using platform encoding (UTF-8 actually) to copy filtered resources, i.e. build is platform dependent!
2025-02-27 12:16:34,409 [Worker-47: Building] INFO  o.a.m.s.f.DefaultMavenResourcesFiltering - skip non existing resourceDirectory C:\Users\zerho\Desktop\Registration-Login\Hospital\src\test\resources
2025-02-27 12:16:36,479 [Worker-49: Building] WARN  o.a.m.s.f.DefaultMavenResourcesFiltering - Using platform encoding (UTF-8 actually) to copy filtered resources, i.e. build is platform dependent!
2025-02-27 12:16:36,480 [Worker-49: Building] INFO  o.a.m.s.f.DefaultMavenResourcesFiltering - Copying 0 resource from src\main\resources to target\classes
2025-02-27 12:16:36,482 [Worker-49: Building] WARN  o.a.m.s.f.DefaultMavenResourcesFiltering - Using platform encoding (UTF-8 actually) to copy filtered resources, i.e. build is platform dependent!
2025-02-27 12:16:36,482 [Worker-49: Building] INFO  o.a.m.s.f.DefaultMavenResourcesFiltering - skip non existing resourceDirectory C:\Users\zerho\Desktop\Registration-Login\Hospital\src\test\resources
2025-02-27 12:20:41,690 [Worker-43: Building] WARN  o.a.m.s.f.DefaultMavenResourcesFiltering - Using platform encoding (UTF-8 actually) to copy filtered resources, i.e. build is platform dependent!
2025-02-27 12:20:41,691 [Worker-43: Building] INFO  o.a.m.s.f.DefaultMavenResourcesFiltering - Copying 0 resource from src\main\resources to target\classes
2025-02-27 12:20:41,693 [Worker-43: Building] WARN  o.a.m.s.f.DefaultMavenResourcesFiltering - Using platform encoding (UTF-8 actually) to copy filtered resources, i.e. build is platform dependent!
2025-02-27 12:20:41,694 [Worker-43: Building] INFO  o.a.m.s.f.DefaultMavenResourcesFiltering - skip non existing resourceDirectory C:\Users\zerho\Desktop\Registration-Login\Hospital\src\test\resources
2025-02-27 14:33:18,569 [Worker-50: Building] INFO  o.e.m.c.i.l.LifecycleMappingFactory - Using org.maven.ide.eclipse.wtp.WarLifecycleMapping lifecycle mapping for MavenProject: com:Hospital:0.0.1-SNAPSHOT @ C:\Users\zerho\Desktop\Registration-Login\Hospital\pom.xml.
2025-02-27 14:33:20,244 [Worker-50: Building] WARN  o.a.m.s.f.DefaultMavenResourcesFiltering - Using platform encoding (UTF-8 actually) to copy filtered resources, i.e. build is platform dependent!
2025-02-27 14:33:20,248 [Worker-50: Building] INFO  o.a.m.s.f.DefaultMavenResourcesFiltering - Copying 0 resource from src\main\resources to target\classes
2025-02-27 14:33:20,260 [Worker-50: Building] WARN  o.a.m.s.f.DefaultMavenResourcesFiltering - Using platform encoding (UTF-8 actually) to copy filtered resources, i.e. build is platform dependent!
2025-02-27 14:33:20,262 [Worker-50: Building] INFO  o.a.m.s.f.DefaultMavenResourcesFiltering - skip non existing resourceDirectory C:\Users\zerho\Desktop\Registration-Login\Hospital\src\test\resources
2025-02-27 14:33:20,263 [Worker-50: Building] INFO  o.e.m.w.i.f.ResourceFilteringBuildParticipant - Changed resources require a complete clean of filtered resources of Hospital
2025-02-27 14:33:20,265 [Worker-50: Building] INFO  o.e.m.w.i.f.ResourceFilteringBuildParticipant - Executing resource filtering for Hospital
2025-02-27 14:33:21,205 [Worker-50: Building] INFO  o.e.m.c.i.l.LifecycleMappingFactory - Using org.maven.ide.eclipse.wtp.WarLifecycleMapping lifecycle mapping for MavenProject: com:Hospital:0.0.1-SNAPSHOT @ C:\Users\zerho\Desktop\Registration-Login\Hospital\pom.xml.
2025-02-27 14:33:21,475 [Worker-50: Building] INFO  o.e.m.c.i.e.AbstractTransferListenerAdapter - Downloading https://repo.maven.apache.org/maven2/mysql/mysql-connector-java/8.0.28/mysql-connector-java-8.0.28.pom
2025-02-27 14:33:21,494 [Worker-50: Building] INFO  o.e.m.c.i.e.AbstractTransferListenerAdapter - Downloaded https://repo.maven.apache.org/maven2/mysql/mysql-connector-java/8.0.28/mysql-connector-java-8.0.28.pom
2025-02-27 14:33:21,525 [Worker-50: Building] INFO  o.e.m.c.i.e.AbstractTransferListenerAdapter - Downloading https://repo.maven.apache.org/maven2/com/google/protobuf/protobuf-java/3.11.4/protobuf-java-3.11.4.pom
2025-02-27 14:33:21,538 [Worker-50: Building] INFO  o.e.m.c.i.e.AbstractTransferListenerAdapter - Downloaded https://repo.maven.apache.org/maven2/com/google/protobuf/protobuf-java/3.11.4/protobuf-java-3.11.4.pom
2025-02-27 14:33:21,567 [Worker-50: Building] INFO  o.e.m.c.i.e.AbstractTransferListenerAdapter - Downloading https://repo.maven.apache.org/maven2/com/google/protobuf/protobuf-parent/3.11.4/protobuf-parent-3.11.4.pom
2025-02-27 14:33:21,582 [Worker-50: Building] INFO  o.e.m.c.i.e.AbstractTransferListenerAdapter - Downloaded https://repo.maven.apache.org/maven2/com/google/protobuf/protobuf-parent/3.11.4/protobuf-parent-3.11.4.pom
2025-02-27 14:33:21,614 [Worker-50: Building] INFO  o.e.m.c.i.e.AbstractTransferListenerAdapter - Downloading https://repo.maven.apache.org/maven2/com/google/protobuf/protobuf-bom/3.11.4/protobuf-bom-3.11.4.pom
2025-02-27 14:33:21,623 [Worker-50: Building] INFO  o.e.m.c.i.e.AbstractTransferListenerAdapter - Downloaded https://repo.maven.apache.org/maven2/com/google/protobuf/protobuf-bom/3.11.4/protobuf-bom-3.11.4.pom
2025-02-27 14:33:21,667 [Worker-50: Building] INFO  o.e.m.c.i.e.AbstractTransferListenerAdapter - Downloading https://repo.maven.apache.org/maven2/mysql/mysql-connector-java/8.0.28/mysql-connector-java-8.0.28.jar
2025-02-27 14:33:21,896 [Worker-50: Building] INFO  o.e.m.c.i.e.AbstractTransferListenerAdapter - Downloaded https://repo.maven.apache.org/maven2/mysql/mysql-connector-java/8.0.28/mysql-connector-java-8.0.28.jar
2025-02-27 14:33:21,920 [BasicRepositoryConnector-repo.maven.apache.org-0-0] INFO  o.e.m.c.i.e.AbstractTransferListenerAdapter - Downloading https://repo.maven.apache.org/maven2/com/google/protobuf/protobuf-java/3.11.4/protobuf-java-3.11.4.jar
2025-02-27 14:33:22,156 [BasicRepositoryConnector-repo.maven.apache.org-0-0] INFO  o.e.m.c.i.e.AbstractTransferListenerAdapter - Downloaded https://repo.maven.apache.org/maven2/com/google/protobuf/protobuf-java/3.11.4/protobuf-java-3.11.4.jar
2025-02-27 14:33:23,348 [Worker-50: Building] WARN  o.a.m.s.f.DefaultMavenResourcesFiltering - Using platform encoding (UTF-8 actually) to copy filtered resources, i.e. build is platform dependent!
2025-02-27 14:33:23,353 [Worker-50: Building] INFO  o.a.m.s.f.DefaultMavenResourcesFiltering - Copying 0 resource from src\main\resources to target\classes
2025-02-27 14:33:23,359 [Worker-50: Building] WARN  o.a.m.s.f.DefaultMavenResourcesFiltering - Using platform encoding (UTF-8 actually) to copy filtered resources, i.e. build is platform dependent!
2025-02-27 14:33:23,360 [Worker-50: Building] INFO  o.a.m.s.f.DefaultMavenResourcesFiltering - skip non existing resourceDirectory C:\Users\zerho\Desktop\Registration-Login\Hospital\src\test\resources
2025-02-27 14:33:23,361 [Worker-50: Building] INFO  o.e.m.w.i.f.ResourceFilteringBuildParticipant - Changed resources require a complete clean of filtered resources of Hospital
2025-02-27 14:33:23,361 [Worker-50: Building] INFO  o.e.m.w.i.f.ResourceFilteringBuildParticipant - Executing resource filtering for Hospital
2025-02-27 14:33:24,435 [Worker-52: Download sources and javadoc] INFO  o.e.m.c.i.e.AbstractTransferListenerAdapter - Downloading https://repo.maven.apache.org/maven2/mysql/mysql-connector-java/8.0.28/mysql-connector-java-8.0.28-sources.jar
2025-02-27 14:33:24,596 [Worker-52: Download sources and javadoc] INFO  o.e.m.c.i.e.AbstractTransferListenerAdapter - Downloaded https://repo.maven.apache.org/maven2/mysql/mysql-connector-java/8.0.28/mysql-connector-java-8.0.28-sources.jar
2025-02-27 14:33:24,612 [Worker-52: Download sources and javadoc] INFO  o.e.m.j.internal.DownloadSourcesJob - Downloaded sources for mysql:mysql-connector-java:8.0.28
2025-02-27 14:33:24,693 [Worker-52: Download sources and javadoc] INFO  o.e.m.c.i.e.AbstractTransferListenerAdapter - Downloading https://repo.maven.apache.org/maven2/com/google/protobuf/protobuf-java/3.11.4/protobuf-java-3.11.4-sources.jar
2025-02-27 14:33:24,835 [Worker-52: Download sources and javadoc] INFO  o.e.m.c.i.e.AbstractTransferListenerAdapter - Downloaded https://repo.maven.apache.org/maven2/com/google/protobuf/protobuf-java/3.11.4/protobuf-java-3.11.4-sources.jar
2025-02-27 14:33:24,848 [Worker-52: Download sources and javadoc] INFO  o.e.m.j.internal.DownloadSourcesJob - Downloaded sources for com.google.protobuf:protobuf-java:3.11.4
2025-02-27 14:34:24,429 [Worker-54: Building] INFO  o.e.m.c.i.l.LifecycleMappingFactory - Using org.maven.ide.eclipse.wtp.WarLifecycleMapping lifecycle mapping for MavenProject: com:Hospital:0.0.1-SNAPSHOT @ C:\Users\zerho\Desktop\Registration-Login\Hospital\pom.xml.
2025-02-27 14:34:25,341 [Worker-54: Building] WARN  o.a.m.s.f.DefaultMavenResourcesFiltering - Using platform encoding (UTF-8 actually) to copy filtered resources, i.e. build is platform dependent!
2025-02-27 14:34:25,345 [Worker-54: Building] INFO  o.a.m.s.f.DefaultMavenResourcesFiltering - Copying 0 resource from src\main\resources to target\classes
2025-02-27 14:34:25,352 [Worker-54: Building] WARN  o.a.m.s.f.DefaultMavenResourcesFiltering - Using platform encoding (UTF-8 actually) to copy filtered resources, i.e. build is platform dependent!
2025-02-27 14:34:25,353 [Worker-54: Building] INFO  o.a.m.s.f.DefaultMavenResourcesFiltering - skip non existing resourceDirectory C:\Users\zerho\Desktop\Registration-Login\Hospital\src\test\resources
2025-02-27 14:34:25,354 [Worker-54: Building] INFO  o.e.m.w.i.f.ResourceFilteringBuildParticipant - Changed resources require a complete clean of filtered resources of Hospital
2025-02-27 14:34:25,354 [Worker-54: Building] INFO  o.e.m.w.i.f.ResourceFilteringBuildParticipant - Executing resource filtering for Hospital
2025-02-27 14:34:26,780 [Worker-58: Building] INFO  o.e.m.c.i.l.LifecycleMappingFactory - Using org.maven.ide.eclipse.wtp.WarLifecycleMapping lifecycle mapping for MavenProject: com:Hospital:0.0.1-SNAPSHOT @ C:\Users\zerho\Desktop\Registration-Login\Hospital\pom.xml.
2025-02-27 14:34:27,545 [Worker-58: Building] WARN  o.a.m.s.f.DefaultMavenResourcesFiltering - Using platform encoding (UTF-8 actually) to copy filtered resources, i.e. build is platform dependent!
2025-02-27 14:34:27,549 [Worker-58: Building] INFO  o.a.m.s.f.DefaultMavenResourcesFiltering - Copying 0 resource from src\main\resources to target\classes
2025-02-27 14:34:27,552 [Worker-58: Building] WARN  o.a.m.s.f.DefaultMavenResourcesFiltering - Using platform encoding (UTF-8 actually) to copy filtered resources, i.e. build is platform dependent!
2025-02-27 14:34:27,554 [Worker-58: Building] INFO  o.a.m.s.f.DefaultMavenResourcesFiltering - skip non existing resourceDirectory C:\Users\zerho\Desktop\Registration-Login\Hospital\src\test\resources
2025-02-27 14:34:27,554 [Worker-58: Building] INFO  o.e.m.w.i.f.ResourceFilteringBuildParticipant - Changed resources require a complete clean of filtered resources of Hospital
2025-02-27 14:34:27,554 [Worker-58: Building] INFO  o.e.m.w.i.f.ResourceFilteringBuildParticipant - Executing resource filtering for Hospital
2025-02-27 14:35:25,926 [Worker-52: Building] INFO  o.e.m.c.i.l.LifecycleMappingFactory - Using org.maven.ide.eclipse.wtp.WarLifecycleMapping lifecycle mapping for MavenProject: com:Hospital:0.0.1-SNAPSHOT @ C:\Users\zerho\Desktop\Registration-Login\Hospital\pom.xml.
2025-02-27 14:35:26,794 [Worker-52: Building] WARN  o.a.m.s.f.DefaultMavenResourcesFiltering - Using platform encoding (UTF-8 actually) to copy filtered resources, i.e. build is platform dependent!
2025-02-27 14:35:26,794 [Worker-52: Building] INFO  o.a.m.s.f.DefaultMavenResourcesFiltering - Copying 0 resource from src\main\resources to target\classes
2025-02-27 14:35:26,794 [Worker-52: Building] WARN  o.a.m.s.f.DefaultMavenResourcesFiltering - Using platform encoding (UTF-8 actually) to copy filtered resources, i.e. build is platform dependent!
2025-02-27 14:35:26,794 [Worker-52: Building] INFO  o.a.m.s.f.DefaultMavenResourcesFiltering - skip non existing resourceDirectory C:\Users\zerho\Desktop\Registration-Login\Hospital\src\test\resources
2025-02-27 14:35:26,794 [Worker-52: Building] INFO  o.e.m.w.i.f.ResourceFilteringBuildParticipant - Changed resources require a complete clean of filtered resources of Hospital
2025-02-27 14:35:26,794 [Worker-52: Building] INFO  o.e.m.w.i.f.ResourceFilteringBuildParticipant - Executing resource filtering for Hospital
2025-02-27 14:35:27,367 [Worker-58: Building] INFO  o.e.m.c.i.l.LifecycleMappingFactory - Using org.maven.ide.eclipse.wtp.WarLifecycleMapping lifecycle mapping for MavenProject: com:Hospital:0.0.1-SNAPSHOT @ C:\Users\zerho\Desktop\Registration-Login\Hospital\pom.xml.
2025-02-27 14:35:28,408 [Worker-58: Building] WARN  o.a.m.s.f.DefaultMavenResourcesFiltering - Using platform encoding (UTF-8 actually) to copy filtered resources, i.e. build is platform dependent!
2025-02-27 14:35:28,415 [Worker-58: Building] INFO  o.a.m.s.f.DefaultMavenResourcesFiltering - Copying 0 resource from src\main\resources to target\classes
2025-02-27 14:35:28,423 [Worker-58: Building] WARN  o.a.m.s.f.DefaultMavenResourcesFiltering - Using platform encoding (UTF-8 actually) to copy filtered resources, i.e. build is platform dependent!
2025-02-27 14:35:28,425 [Worker-58: Building] INFO  o.a.m.s.f.DefaultMavenResourcesFiltering - skip non existing resourceDirectory C:\Users\zerho\Desktop\Registration-Login\Hospital\src\test\resources
2025-02-27 14:35:28,429 [Worker-58: Building] INFO  o.e.m.w.i.f.ResourceFilteringBuildParticipant - Changed resources require a complete clean of filtered resources of Hospital
2025-02-27 14:35:28,429 [Worker-58: Building] INFO  o.e.m.w.i.f.ResourceFilteringBuildParticipant - Executing resource filtering for Hospital
2025-02-27 15:19:21,517 [Worker-59: Building] WARN  o.a.m.s.f.DefaultMavenResourcesFiltering - Using platform encoding (UTF-8 actually) to copy filtered resources, i.e. build is platform dependent!
2025-02-27 15:19:21,520 [Worker-59: Building] INFO  o.a.m.s.f.DefaultMavenResourcesFiltering - Copying 0 resource from src\main\resources to target\classes
2025-02-27 15:19:21,524 [Worker-59: Building] WARN  o.a.m.s.f.DefaultMavenResourcesFiltering - Using platform encoding (UTF-8 actually) to copy filtered resources, i.e. build is platform dependent!
2025-02-27 15:19:21,526 [Worker-59: Building] INFO  o.a.m.s.f.DefaultMavenResourcesFiltering - skip non existing resourceDirectory C:\Users\zerho\Desktop\Registration-Login\Hospital\src\test\resources
2025-02-27 15:20:03,440 [Worker-57: Building] WARN  o.a.m.s.f.DefaultMavenResourcesFiltering - Using platform encoding (UTF-8 actually) to copy filtered resources, i.e. build is platform dependent!
2025-02-27 15:20:03,442 [Worker-57: Building] INFO  o.a.m.s.f.DefaultMavenResourcesFiltering - Copying 0 resource from src\main\resources to target\classes
2025-02-27 15:20:03,444 [Worker-57: Building] WARN  o.a.m.s.f.DefaultMavenResourcesFiltering - Using platform encoding (UTF-8 actually) to copy filtered resources, i.e. build is platform dependent!
2025-02-27 15:20:03,446 [Worker-57: Building] INFO  o.a.m.s.f.DefaultMavenResourcesFiltering - skip non existing resourceDirectory C:\Users\zerho\Desktop\Registration-Login\Hospital\src\test\resources
2025-02-27 15:20:13,242 [Worker-61: Building] WARN  o.a.m.s.f.DefaultMavenResourcesFiltering - Using platform encoding (UTF-8 actually) to copy filtered resources, i.e. build is platform dependent!
2025-02-27 15:20:13,245 [Worker-61: Building] INFO  o.a.m.s.f.DefaultMavenResourcesFiltering - Copying 0 resource from src\main\resources to target\classes
2025-02-27 15:20:13,249 [Worker-61: Building] WARN  o.a.m.s.f.DefaultMavenResourcesFiltering - Using platform encoding (UTF-8 actually) to copy filtered resources, i.e. build is platform dependent!
2025-02-27 15:20:13,250 [Worker-61: Building] INFO  o.a.m.s.f.DefaultMavenResourcesFiltering - skip non existing resourceDirectory C:\Users\zerho\Desktop\Registration-Login\Hospital\src\test\resources
2025-02-27 15:21:08,015 [Worker-61: Building] WARN  o.a.m.s.f.DefaultMavenResourcesFiltering - Using platform encoding (UTF-8 actually) to copy filtered resources, i.e. build is platform dependent!
2025-02-27 15:21:08,017 [Worker-61: Building] INFO  o.a.m.s.f.DefaultMavenResourcesFiltering - Copying 0 resource from src\main\resources to target\classes
2025-02-27 15:21:08,019 [Worker-61: Building] WARN  o.a.m.s.f.DefaultMavenResourcesFiltering - Using platform encoding (UTF-8 actually) to copy filtered resources, i.e. build is platform dependent!
2025-02-27 15:21:08,021 [Worker-61: Building] INFO  o.a.m.s.f.DefaultMavenResourcesFiltering - skip non existing resourceDirectory C:\Users\zerho\Desktop\Registration-Login\Hospital\src\test\resources
2025-02-27 15:34:01,109 [Worker-52: Building] WARN  o.a.m.s.f.DefaultMavenResourcesFiltering - Using platform encoding (UTF-8 actually) to copy filtered resources, i.e. build is platform dependent!
2025-02-27 15:34:01,112 [Worker-52: Building] INFO  o.a.m.s.f.DefaultMavenResourcesFiltering - Copying 0 resource from src\main\resources to target\classes
2025-02-27 15:34:01,115 [Worker-52: Building] WARN  o.a.m.s.f.DefaultMavenResourcesFiltering - Using platform encoding (UTF-8 actually) to copy filtered resources, i.e. build is platform dependent!
2025-02-27 15:34:01,116 [Worker-52: Building] INFO  o.a.m.s.f.DefaultMavenResourcesFiltering - skip non existing resourceDirectory C:\Users\zerho\Desktop\Registration-Login\Hospital\src\test\resources
2025-02-27 15:34:45,625 [Worker-61: Building] WARN  o.a.m.s.f.DefaultMavenResourcesFiltering - Using platform encoding (UTF-8 actually) to copy filtered resources, i.e. build is platform dependent!
2025-02-27 15:34:45,627 [Worker-61: Building] INFO  o.a.m.s.f.DefaultMavenResourcesFiltering - Copying 0 resource from src\main\resources to target\classes
2025-02-27 15:34:45,630 [Worker-61: Building] WARN  o.a.m.s.f.DefaultMavenResourcesFiltering - Using platform encoding (UTF-8 actually) to copy filtered resources, i.e. build is platform dependent!
2025-02-27 15:34:45,631 [Worker-61: Building] INFO  o.a.m.s.f.DefaultMavenResourcesFiltering - skip non existing resourceDirectory C:\Users\zerho\Desktop\Registration-Login\Hospital\src\test\resources
2025-02-27 15:35:07,389 [Worker-52: Building] WARN  o.a.m.s.f.DefaultMavenResourcesFiltering - Using platform encoding (UTF-8 actually) to copy filtered resources, i.e. build is platform dependent!
2025-02-27 15:35:07,390 [Worker-52: Building] INFO  o.a.m.s.f.DefaultMavenResourcesFiltering - Copying 0 resource from src\main\resources to target\classes
2025-02-27 15:35:07,392 [Worker-52: Building] WARN  o.a.m.s.f.DefaultMavenResourcesFiltering - Using platform encoding (UTF-8 actually) to copy filtered resources, i.e. build is platform dependent!
2025-02-27 15:35:07,394 [Worker-52: Building] INFO  o.a.m.s.f.DefaultMavenResourcesFiltering - skip non existing resourceDirectory C:\Users\zerho\Desktop\Registration-Login\Hospital\src\test\resources
2025-02-27 15:35:14,746 [Worker-52: Building] WARN  o.a.m.s.f.DefaultMavenResourcesFiltering - Using platform encoding (UTF-8 actually) to copy filtered resources, i.e. build is platform dependent!
2025-02-27 15:35:14,747 [Worker-52: Building] INFO  o.a.m.s.f.DefaultMavenResourcesFiltering - Copying 0 resource from src\main\resources to target\classes
2025-02-27 15:35:14,750 [Worker-52: Building] WARN  o.a.m.s.f.DefaultMavenResourcesFiltering - Using platform encoding (UTF-8 actually) to copy filtered resources, i.e. build is platform dependent!
2025-02-27 15:35:14,750 [Worker-52: Building] INFO  o.a.m.s.f.DefaultMavenResourcesFiltering - skip non existing resourceDirectory C:\Users\zerho\Desktop\Registration-Login\Hospital\src\test\resources
2025-02-27 15:35:21,475 [Worker-52: Building] WARN  o.a.m.s.f.DefaultMavenResourcesFiltering - Using platform encoding (UTF-8 actually) to copy filtered resources, i.e. build is platform dependent!
2025-02-27 15:35:21,477 [Worker-52: Building] INFO  o.a.m.s.f.DefaultMavenResourcesFiltering - Copying 0 resource from src\main\resources to target\classes
2025-02-27 15:35:21,480 [Worker-52: Building] WARN  o.a.m.s.f.DefaultMavenResourcesFiltering - Using platform encoding (UTF-8 actually) to copy filtered resources, i.e. build is platform dependent!
2025-02-27 15:35:21,481 [Worker-52: Building] INFO  o.a.m.s.f.DefaultMavenResourcesFiltering - skip non existing resourceDirectory C:\Users\zerho\Desktop\Registration-Login\Hospital\src\test\resources
2025-02-27 15:35:30,147 [Worker-62: Building] WARN  o.a.m.s.f.DefaultMavenResourcesFiltering - Using platform encoding (UTF-8 actually) to copy filtered resources, i.e. build is platform dependent!
2025-02-27 15:35:30,149 [Worker-62: Building] INFO  o.a.m.s.f.DefaultMavenResourcesFiltering - Copying 0 resource from src\main\resources to target\classes
2025-02-27 15:35:30,152 [Worker-62: Building] WARN  o.a.m.s.f.DefaultMavenResourcesFiltering - Using platform encoding (UTF-8 actually) to copy filtered resources, i.e. build is platform dependent!
2025-02-27 15:35:30,153 [Worker-62: Building] INFO  o.a.m.s.f.DefaultMavenResourcesFiltering - skip non existing resourceDirectory C:\Users\zerho\Desktop\Registration-Login\Hospital\src\test\resources
2025-02-27 15:35:40,638 [Worker-52: Building] WARN  o.a.m.s.f.DefaultMavenResourcesFiltering - Using platform encoding (UTF-8 actually) to copy filtered resources, i.e. build is platform dependent!
2025-02-27 15:35:40,639 [Worker-52: Building] INFO  o.a.m.s.f.DefaultMavenResourcesFiltering - Copying 0 resource from src\main\resources to target\classes
2025-02-27 15:35:40,642 [Worker-52: Building] WARN  o.a.m.s.f.DefaultMavenResourcesFiltering - Using platform encoding (UTF-8 actually) to copy filtered resources, i.e. build is platform dependent!
2025-02-27 15:35:40,643 [Worker-52: Building] INFO  o.a.m.s.f.DefaultMavenResourcesFiltering - skip non existing resourceDirectory C:\Users\zerho\Desktop\Registration-Login\Hospital\src\test\resources
2025-02-27 15:35:50,778 [Worker-52: Building] WARN  o.a.m.s.f.DefaultMavenResourcesFiltering - Using platform encoding (UTF-8 actually) to copy filtered resources, i.e. build is platform dependent!
2025-02-27 15:35:50,781 [Worker-52: Building] INFO  o.a.m.s.f.DefaultMavenResourcesFiltering - Copying 0 resource from src\main\resources to target\classes
2025-02-27 15:35:50,783 [Worker-52: Building] WARN  o.a.m.s.f.DefaultMavenResourcesFiltering - Using platform encoding (UTF-8 actually) to copy filtered resources, i.e. build is platform dependent!
2025-02-27 15:35:50,784 [Worker-52: Building] INFO  o.a.m.s.f.DefaultMavenResourcesFiltering - skip non existing resourceDirectory C:\Users\zerho\Desktop\Registration-Login\Hospital\src\test\resources
2025-02-27 15:38:45,721 [Worker-61: Building] WARN  o.a.m.s.f.DefaultMavenResourcesFiltering - Using platform encoding (UTF-8 actually) to copy filtered resources, i.e. build is platform dependent!
2025-02-27 15:38:45,723 [Worker-61: Building] INFO  o.a.m.s.f.DefaultMavenResourcesFiltering - Copying 0 resource from src\main\resources to target\classes
2025-02-27 15:38:45,726 [Worker-61: Building] WARN  o.a.m.s.f.DefaultMavenResourcesFiltering - Using platform encoding (UTF-8 actually) to copy filtered resources, i.e. build is platform dependent!
2025-02-27 15:38:45,728 [Worker-61: Building] INFO  o.a.m.s.f.DefaultMavenResourcesFiltering - skip non existing resourceDirectory C:\Users\zerho\Desktop\Registration-Login\Hospital\src\test\resources
2025-02-27 15:39:38,949 [Worker-61: Building] WARN  o.a.m.s.f.DefaultMavenResourcesFiltering - Using platform encoding (UTF-8 actually) to copy filtered resources, i.e. build is platform dependent!
2025-02-27 15:39:38,951 [Worker-61: Building] INFO  o.a.m.s.f.DefaultMavenResourcesFiltering - Copying 0 resource from src\main\resources to target\classes
2025-02-27 15:39:38,954 [Worker-61: Building] WARN  o.a.m.s.f.DefaultMavenResourcesFiltering - Using platform encoding (UTF-8 actually) to copy filtered resources, i.e. build is platform dependent!
2025-02-27 15:39:38,954 [Worker-61: Building] INFO  o.a.m.s.f.DefaultMavenResourcesFiltering - skip non existing resourceDirectory C:\Users\zerho\Desktop\Registration-Login\Hospital\src\test\resources
2025-02-27 16:32:19,782 [Worker-62: Building] WARN  o.a.m.s.f.DefaultMavenResourcesFiltering - Using platform encoding (UTF-8 actually) to copy filtered resources, i.e. build is platform dependent!
2025-02-27 16:32:19,785 [Worker-62: Building] INFO  o.a.m.s.f.DefaultMavenResourcesFiltering - Copying 0 resource from src\main\resources to target\classes
2025-02-27 16:32:19,790 [Worker-62: Building] WARN  o.a.m.s.f.DefaultMavenResourcesFiltering - Using platform encoding (UTF-8 actually) to copy filtered resources, i.e. build is platform dependent!
2025-02-27 16:32:19,792 [Worker-62: Building] INFO  o.a.m.s.f.DefaultMavenResourcesFiltering - skip non existing resourceDirectory C:\Users\zerho\Desktop\Registration-Login\Hospital\src\test\resources
2025-02-27 16:32:37,933 [Worker-61: Building] WARN  o.a.m.s.f.DefaultMavenResourcesFiltering - Using platform encoding (UTF-8 actually) to copy filtered resources, i.e. build is platform dependent!
2025-02-27 16:32:37,937 [Worker-61: Building] INFO  o.a.m.s.f.DefaultMavenResourcesFiltering - Copying 0 resource from src\main\resources to target\classes
2025-02-27 16:32:37,941 [Worker-61: Building] WARN  o.a.m.s.f.DefaultMavenResourcesFiltering - Using platform encoding (UTF-8 actually) to copy filtered resources, i.e. build is platform dependent!
2025-02-27 16:32:37,942 [Worker-61: Building] INFO  o.a.m.s.f.DefaultMavenResourcesFiltering - skip non existing resourceDirectory C:\Users\zerho\Desktop\Registration-Login\Hospital\src\test\resources
2025-02-27 16:32:47,269 [Worker-61: Building] WARN  o.a.m.s.f.DefaultMavenResourcesFiltering - Using platform encoding (UTF-8 actually) to copy filtered resources, i.e. build is platform dependent!
2025-02-27 16:32:47,270 [Worker-61: Building] INFO  o.a.m.s.f.DefaultMavenResourcesFiltering - Copying 0 resource from src\main\resources to target\classes
2025-02-27 16:32:47,272 [Worker-61: Building] WARN  o.a.m.s.f.DefaultMavenResourcesFiltering - Using platform encoding (UTF-8 actually) to copy filtered resources, i.e. build is platform dependent!
2025-02-27 16:32:47,273 [Worker-61: Building] INFO  o.a.m.s.f.DefaultMavenResourcesFiltering - skip non existing resourceDirectory C:\Users\zerho\Desktop\Registration-Login\Hospital\src\test\resources
2025-02-27 16:35:58,866 [Worker-61: Building] WARN  o.a.m.s.f.DefaultMavenResourcesFiltering - Using platform encoding (UTF-8 actually) to copy filtered resources, i.e. build is platform dependent!
2025-02-27 16:35:58,869 [Worker-61: Building] INFO  o.a.m.s.f.DefaultMavenResourcesFiltering - Copying 0 resource from src\main\resources to target\classes
2025-02-27 16:35:58,871 [Worker-61: Building] WARN  o.a.m.s.f.DefaultMavenResourcesFiltering - Using platform encoding (UTF-8 actually) to copy filtered resources, i.e. build is platform dependent!
2025-02-27 16:35:58,872 [Worker-61: Building] INFO  o.a.m.s.f.DefaultMavenResourcesFiltering - skip non existing resourceDirectory C:\Users\zerho\Desktop\Registration-Login\Hospital\src\test\resources
2025-02-27 16:37:09,258 [Worker-62: Building] WARN  o.a.m.s.f.DefaultMavenResourcesFiltering - Using platform encoding (UTF-8 actually) to copy filtered resources, i.e. build is platform dependent!
2025-02-27 16:37:09,262 [Worker-62: Building] INFO  o.a.m.s.f.DefaultMavenResourcesFiltering - Copying 0 resource from src\main\resources to target\classes
2025-02-27 16:37:09,267 [Worker-62: Building] WARN  o.a.m.s.f.DefaultMavenResourcesFiltering - Using platform encoding (UTF-8 actually) to copy filtered resources, i.e. build is platform dependent!
2025-02-27 16:37:09,268 [Worker-62: Building] INFO  o.a.m.s.f.DefaultMavenResourcesFiltering - skip non existing resourceDirectory C:\Users\zerho\Desktop\Registration-Login\Hospital\src\test\resources
2025-02-27 16:37:21,917 [Worker-64: Building] WARN  o.a.m.s.f.DefaultMavenResourcesFiltering - Using platform encoding (UTF-8 actually) to copy filtered resources, i.e. build is platform dependent!
2025-02-27 16:37:21,919 [Worker-64: Building] INFO  o.a.m.s.f.DefaultMavenResourcesFiltering - Copying 0 resource from src\main\resources to target\classes
2025-02-27 16:37:21,921 [Worker-64: Building] WARN  o.a.m.s.f.DefaultMavenResourcesFiltering - Using platform encoding (UTF-8 actually) to copy filtered resources, i.e. build is platform dependent!
2025-02-27 16:37:21,923 [Worker-64: Building] INFO  o.a.m.s.f.DefaultMavenResourcesFiltering - skip non existing resourceDirectory C:\Users\zerho\Desktop\Registration-Login\Hospital\src\test\resources
2025-02-27 16:37:29,564 [Worker-64: Building] WARN  o.a.m.s.f.DefaultMavenResourcesFiltering - Using platform encoding (UTF-8 actually) to copy filtered resources, i.e. build is platform dependent!
2025-02-27 16:37:29,565 [Worker-64: Building] INFO  o.a.m.s.f.DefaultMavenResourcesFiltering - Copying 0 resource from src\main\resources to target\classes
2025-02-27 16:37:29,568 [Worker-64: Building] WARN  o.a.m.s.f.DefaultMavenResourcesFiltering - Using platform encoding (UTF-8 actually) to copy filtered resources, i.e. build is platform dependent!
2025-02-27 16:37:29,568 [Worker-64: Building] INFO  o.a.m.s.f.DefaultMavenResourcesFiltering - skip non existing resourceDirectory C:\Users\zerho\Desktop\Registration-Login\Hospital\src\test\resources
2025-02-27 16:37:39,699 [Worker-57: Building] WARN  o.a.m.s.f.DefaultMavenResourcesFiltering - Using platform encoding (UTF-8 actually) to copy filtered resources, i.e. build is platform dependent!
2025-02-27 16:37:39,701 [Worker-57: Building] INFO  o.a.m.s.f.DefaultMavenResourcesFiltering - Copying 0 resource from src\main\resources to target\classes
2025-02-27 16:37:39,704 [Worker-57: Building] WARN  o.a.m.s.f.DefaultMavenResourcesFiltering - Using platform encoding (UTF-8 actually) to copy filtered resources, i.e. build is platform dependent!
2025-02-27 16:37:39,704 [Worker-57: Building] INFO  o.a.m.s.f.DefaultMavenResourcesFiltering - skip non existing resourceDirectory C:\Users\zerho\Desktop\Registration-Login\Hospital\src\test\resources
2025-02-27 16:37:55,828 [Worker-61: Building] WARN  o.a.m.s.f.DefaultMavenResourcesFiltering - Using platform encoding (UTF-8 actually) to copy filtered resources, i.e. build is platform dependent!
2025-02-27 16:37:55,830 [Worker-61: Building] INFO  o.a.m.s.f.DefaultMavenResourcesFiltering - Copying 0 resource from src\main\resources to target\classes
2025-02-27 16:37:55,833 [Worker-61: Building] WARN  o.a.m.s.f.DefaultMavenResourcesFiltering - Using platform encoding (UTF-8 actually) to copy filtered resources, i.e. build is platform dependent!
2025-02-27 16:37:55,834 [Worker-61: Building] INFO  o.a.m.s.f.DefaultMavenResourcesFiltering - skip non existing resourceDirectory C:\Users\zerho\Desktop\Registration-Login\Hospital\src\test\resources
